<?xml version="1.0" encoding="UTF-8"?>
<testsuite xmlns:xsi="http://www.w3.org/2001/XMLSchema-instance" xsi:noNamespaceSchemaLocation="https://maven.apache.org/surefire/maven-surefire-plugin/xsd/surefire-test-report-3.0.xsd" version="3.0" name="com.k1rard.junit5app.models.CuentaTest$PruebasRepetitivas" time="0.046" tests="5" errors="0" skipped="0" failures="0">
  <properties>
[...]
</properties>
  <testcase name="testDebitoCuentaRepetir(RepetitionInfo)[1]" classname="com.k1rard.junit5app.models.CuentaTest$PruebasRepetitivas" time="0.005">
    <system-out><![CDATA[Finalizando el metodo de prueba.
]]></system-out>
  </testcase>
  <testcase name="testDebitoCuentaRepetir(RepetitionInfo)[2]" classname="com.k1rard.junit5app.models.CuentaTest$PruebasRepetitivas" time="0.002">
    <system-out><![CDATA[Finalizando el metodo de prueba.
]]></system-out>
  </testcase>
  <testcase name="testDebitoCuentaRepetir(RepetitionInfo)[3]" classname="com.k1rard.junit5app.models.CuentaTest$PruebasRepetitivas" time="0.011">
    <system-out><![CDATA[Es la repeticion numero 3
Finalizando el metodo de prueba.
]]></system-out>
  </testcase>
  <testcase name="testDebitoCuentaRepetir(RepetitionInfo)[4]" classname="com.k1rard.junit5app.models.CuentaTest$PruebasRepetitivas" time="0.002">
    <system-out><![CDATA[Finalizando el metodo de prueba.
]]></system-out>
  </testcase>
  <testcase name="testDebitoCuentaRepetir(RepetitionInfo)[5]" classname="com.k1rard.junit5app.models.CuentaTest$PruebasRepetitivas" time="0.003">
    <system-out><![CDATA[Finalizando el metodo de prueba.
]]></system-out>
  </testcase>
</testsuite>