<?xml version="1.0" encoding="UTF-8"?>
<testsuite xmlns:xsi="http://www.w3.org/2001/XMLSchema-instance" xsi:noNamespaceSchemaLocation="https://maven.apache.org/surefire/maven-surefire-plugin/xsd/surefire-test-report-3.0.xsd" version="3.0" name="com.k1rard.junit5app.models.CuentaTest$SistemPropertiesTest" time="0.032" tests="6" errors="0" skipped="2" failures="0">
  <properties>
[...]
</properties>
  <testcase name="testIfDev" classname="com.k1rard.junit5app.models.CuentaTest$SistemPropertiesTest" time="0.0">
    <skipped message="System property [ENV] does not exist"/>
  </testcase>
  <testcase name="testNo64" classname="com.k1rard.junit5app.models.CuentaTest$SistemPropertiesTest" time="0.0">
    <skipped message="System property [os.arch] with value [amd64] does not match regular expression [.*32.*]"/>
  </testcase>
  <testcase name="testIfUsername" classname="com.k1rard.junit5app.models.CuentaTest$SistemPropertiesTest" time="0.002">
    <system-out><![CDATA[Finalizando el metodo de prueba.
]]></system-out>
  </testcase>
  <testcase name="testJavaVersiona" classname="com.k1rard.junit5app.models.CuentaTest$SistemPropertiesTest" time="0.002">
    <system-out><![CDATA[Finalizando el metodo de prueba.
]]></system-out>
  </testcase>
  <testcase name="imprimirSystemProperties" classname="com.k1rard.junit5app.models.CuentaTest$SistemPropertiesTest" time="0.003">
    <system-out><![CDATA[java.specification.version : 17
sun.cpu.isalist : amd64
sun.jnu.encoding : Cp1252
java.class.path : C:\Users\Usuario\Documents\Cursos-notes-and-projects\testing-junit-mockito\junit5-app\target\test-classes;C:\Users\Usuario\Documents\Cursos-notes-and-projects\testing-junit-mockito\junit5-app\target\classes;C:\Users\Usuario\.m2\repository\org\junit\jupiter\junit-jupiter\5.10.2\junit-jupiter-5.10.2.jar;C:\Users\Usuario\.m2\repository\org\junit\jupiter\junit-jupiter-api\5.10.2\junit-jupiter-api-5.10.2.jar;C:\Users\Usuario\.m2\repository\org\opentest4j\opentest4j\1.3.0\opentest4j-1.3.0.jar;C:\Users\Usuario\.m2\repository\org\junit\platform\junit-platform-commons\1.10.2\junit-platform-commons-1.10.2.jar;C:\Users\Usuario\.m2\repository\org\apiguardian\apiguardian-api\1.1.2\apiguardian-api-1.1.2.jar;C:\Users\Usuario\.m2\repository\org\junit\jupiter\junit-jupiter-params\5.10.2\junit-jupiter-params-5.10.2.jar;C:\Users\Usuario\.m2\repository\org\junit\jupiter\junit-jupiter-engine\5.10.2\junit-jupiter-engine-5.10.2.jar;C:\Users\Usuario\.m2\repository\org\junit\platform\junit-platform-engine\1.10.2\junit-platform-engine-1.10.2.jar;
java.vm.vendor : Oracle Corporation
sun.arch.data.model : 64
user.variant : 
java.vendor.url : https://java.oracle.com/
user.timezone : America/Santo_Domingo
java.vm.specification.version : 17
os.name : Windows 10
sun.java.launcher : SUN_STANDARD
user.country : US
sun.boot.library.path : C:\Users\Usuario\Documents\Cursos-notes-and-projects\Java\jdk-17\bin
sun.java.command : C:\Users\Usuario\AppData\Local\Temp\surefire16380249574109335625\surefirebooter-20240311035217686_3.jar C:\Users\Usuario\AppData\Local\Temp\surefire16380249574109335625 2024-03-11T03-52-17_235-jvmRun1 surefire-20240311035217686_1tmp surefire_0-20240311035217686_2tmp
jdk.debug : release
surefire.test.class.path : C:\Users\Usuario\Documents\Cursos-notes-and-projects\testing-junit-mockito\junit5-app\target\test-classes;C:\Users\Usuario\Documents\Cursos-notes-and-projects\testing-junit-mockito\junit5-app\target\classes;C:\Users\Usuario\.m2\repository\org\junit\jupiter\junit-jupiter\5.10.2\junit-jupiter-5.10.2.jar;C:\Users\Usuario\.m2\repository\org\junit\jupiter\junit-jupiter-api\5.10.2\junit-jupiter-api-5.10.2.jar;C:\Users\Usuario\.m2\repository\org\opentest4j\opentest4j\1.3.0\opentest4j-1.3.0.jar;C:\Users\Usuario\.m2\repository\org\junit\platform\junit-platform-commons\1.10.2\junit-platform-commons-1.10.2.jar;C:\Users\Usuario\.m2\repository\org\apiguardian\apiguardian-api\1.1.2\apiguardian-api-1.1.2.jar;C:\Users\Usuario\.m2\repository\org\junit\jupiter\junit-jupiter-params\5.10.2\junit-jupiter-params-5.10.2.jar;C:\Users\Usuario\.m2\repository\org\junit\jupiter\junit-jupiter-engine\5.10.2\junit-jupiter-engine-5.10.2.jar;C:\Users\Usuario\.m2\repository\org\junit\platform\junit-platform-engine\1.10.2\junit-platform-engine-1.10.2.jar;
sun.cpu.endian : little
user.home : C:\Users\Usuario
user.language : en
java.specification.vendor : Oracle Corporation
java.version.date : 2021-09-14
java.home : C:\Users\Usuario\Documents\Cursos-notes-and-projects\Java\jdk-17
file.separator : \
basedir : C:\Users\Usuario\Documents\Cursos-notes-and-projects\testing-junit-mockito\junit5-app
java.vm.compressedOopsMode : Zero based
line.separator : 

java.vm.specification.vendor : Oracle Corporation
java.specification.name : Java Platform API Specification
surefire.real.class.path : C:\Users\Usuario\AppData\Local\Temp\surefire16380249574109335625\surefirebooter-20240311035217686_3.jar
user.script : 
sun.management.compiler : HotSpot 64-Bit Tiered Compilers
java.runtime.version : 17+35-2724
user.name : k1rard
path.separator : ;
os.version : 10.0
java.runtime.name : OpenJDK Runtime Environment
file.encoding : Cp1252
java.vm.name : OpenJDK 64-Bit Server VM
localRepository : C:\Users\Usuario\.m2\repository
java.vendor.url.bug : https://bugreport.java.com/bugreport/
java.io.tmpdir : C:\Users\Usuario\AppData\Local\Temp\
java.version : 17
user.dir : C:\Users\Usuario\Documents\Cursos-notes-and-projects\testing-junit-mockito\junit5-app
os.arch : amd64
java.vm.specification.name : Java Virtual Machine Specification
sun.os.patch.level : 
native.encoding : Cp1252
java.library.path : C:\Users\Usuario\Documents\Cursos-notes-and-projects\Java\jdk-17\bin;C:\WINDOWS\Sun\Java\bin;C:\WINDOWS\system32;C:\WINDOWS;C:\Users\Usuario\Oracle\dbhomeXE\bin;C:\Users\Usuario\Documents\Cursos-notes-and-projects\Java\jdk-17\bin;C:\Program Files (x86)\VMware\VMware Workstation\bin\;C:\WINDOWS\system32;C:\WINDOWS;C:\WINDOWS\System32\Wbem;C:\WINDOWS\System32\WindowsPowerShell\v1.0\;C:\WINDOWS\System32\OpenSSH\;C:\Program Files (x86)\dotnet\;C:\Program Files\Git\cmd;C:\ProgramData\chocolatey\bin;C:\Program Files\MySQL\MySQL Server 8.0\bin;C:\Program Files\MongoDB\Server\7.0\bin;C:\Users\Usuario\sqlite\sqlite-tools-win32-x86-3420000;C:\xampp\php;C:\Program Files\PostgreSQL\15\bin;C:\Program Files\Docker\Docker\resources\bin;C:\Users\Usuario\AppData\Roaming\nvm;C:\Program Files\nodejs;C:\Ruby32-x64\bin;C:\Users\Usuario\AppData\Local\Microsoft\WindowsApps;C:\Users\Usuario\AppData\Local\Programs\Microsoft VS Code\bin;C:\Users\Usuario\Documents\Cursos-notes-and-projects\Java\jdk-17\bin;C:\Program Files\JetBrains\IntelliJ IDEA Community Edition 2022.3.1\bin;;C:\Users\Usuario\Documents\Cursos-notes-and-projects\apache-maven-3.9.0\bin;C:\AppServers\apache-tomee-plume-9.0.0-M7\bin;C:\Users\Usuario\AppData\Roaming\npm;C:\Program Files\MySQL\MySQL Server 8.0\bin;C:\Program Files\MongoDB\Server\7.0\bin;C:\Users\Usuario\sqlite\sqlite-tools-win32-x86-3420000;C:\xampp\php;C:\Program Files\PostgreSQL\15\bin;C:\Users\Usuario\AppData\Roaming\nvm;C:\Program Files\nodejs;.
java.vm.info : mixed mode, sharing
java.vendor : Oracle Corporation
java.vm.version : 17+35-2724
sun.io.unicode.encoding : UnicodeLittle
java.class.version : 61.0
Finalizando el metodo de prueba.
]]></system-out>
  </testcase>
  <testcase name="testSolo64" classname="com.k1rard.junit5app.models.CuentaTest$SistemPropertiesTest" time="0.001">
    <system-out><![CDATA[Finalizando el metodo de prueba.
]]></system-out>
  </testcase>
</testsuite>